<?xml version="1.0" encoding="UTF-8"?>
<!-- Generated by org.testng.reporters.JUnitReportReporter -->
<testsuite hostname="LAPTOP-NP6D5VOG" failures="0" tests="1" name="com.selenium.tests.LoginTest" time="0.243" errors="0" timestamp="2025-04-15T20:09:31 IST" skipped="0">
  <testcase classname="com.selenium.tests.LoginTest" name="testLogin" time="0.243"/>
  <system-out/>
</testsuite> <!-- com.selenium.tests.LoginTest -->
