<?xml version="1.0" encoding="UTF-8"?>
<!-- Generated by org.testng.reporters.JUnitReportReporter -->
<testsuite hostname="LAPTOP-NP6D5VOG" failures="0" tests="1" name="com.selenium.AppTest" time="0.003" errors="0" timestamp="2025-04-15T20:53:56 IST" skipped="0">
  <testcase classname="com.selenium.AppTest" name="testExample" time="0.003"/>
  <system-out/>
</testsuite> <!-- com.selenium.AppTest -->
